<?xml version="1.0" encoding="UTF-8"?>
<!-- Generated by org.testng.reporters.JUnitReportReporter -->
<testsuite skipped="0" hostname="LP-PF1VMDKQ" name="tests.LoginTest" tests="1" failures="0" timestamp="12 Apr 2021 12:35:49 GMT" time="114.226" errors="0">
  <testcase name="testLoginPage" time="114.226" classname="tests.LoginTest"/>
</testsuite> <!-- tests.LoginTest -->
