<?xml version="1.0" encoding="UTF-8"?>
<!-- Generated by org.testng.reporters.JUnitReportReporter -->
<testsuite skipped="0" hostname="LP-PF1VMDKQ" name="tests.LoginTest" tests="1" failures="0" timestamp="12 Apr 2021 12:03:14 GMT" time="1.947" errors="0">
  <testcase name="testLoginPage" time="1.947" classname="tests.LoginTest"/>
</testsuite> <!-- tests.LoginTest -->
